2026-01-18T03:15:49.887+0530	INFO	livekit	server/main.go:213	starting in development mode
2026-01-18T03:15:49.887+0530	INFO	livekit	server/main.go:216	no keys provided, using placeholder keys	{"API Key": "devkey", "API Secret": "secret"}
2026-01-18T03:15:49.891+0530	INFO	livekit	hwstats/memory_linux.go:74	failed reading cgroup specific memory stats, falling back to system wide implementation
2026-01-18T03:15:49.892+0530	INFO	livekit	routing/interfaces.go:180	using single-node routing
2026-01-18T03:15:49.895+0530	INFO	livekit	service/server.go:264	starting LiveKit server	{"portHttp": 7880, "nodeID": "ND_ASsd4WV9gaqT", "nodeIP": "172.16.84.0", "version": "1.9.11", "bindAddresses": ["127.0.0.1", "::1"], "rtc.portTCP": 7881, "rtc.portUDP": {"Start":7882,"End":0}}
2026-01-18T03:15:49.895+0530	DEBUG	livekit	service/signal.go:119	starting relay signal server	{"topic": "ND_ASsd4WV9gaqT"}
2026-01-18T03:28:09.911+0530	INFO	livekit.agents	service/agentservice.go:298	worker registered	{"namespace": "", "jobType": "JT_ROOM", "agentName": "", "workerID": "AW_FCwUq92KmRDi"}
2026-01-18T03:28:14.747+0530	DEBUG	livekit.agents	service/agentservice.go:100	worker closed WS connection	{"workerID": "AW_FCwUq92KmRDi", "agentName": "", "jobType": "JT_ROOM", "wsError": "websocket: close 1006 (abnormal closure): unexpected EOF"}
2026-01-18T03:28:14.747+0530	INFO	livekit.agents	service/agentservice.go:333	last worker deregistered	{"namespace": "", "jobType": "JT_ROOM", "agentName": "", "workerID": "AW_FCwUq92KmRDi"}
2026-01-18T03:28:14.747+0530	INFO	livekit.agents	agent/worker.go:469	closing worker	{"workerID": "AW_FCwUq92KmRDi", "agentName": "", "jobType": "JT_ROOM", "workerID": "AW_FCwUq92KmRDi", "jobType": "JT_ROOM", "agentName": ""}
2026-01-18T03:38:21.274+0530	WARN	livekit	service/utils.go:54	error handling request	{"status": 401, "method": "GET", "path": "/agent", "error": "invalid API key: dev-key"}
2026-01-18T03:38:21.279+0530	WARN	livekit	service/utils.go:54	error handling request	{"status": 401, "method": "GET", "path": "/agent", "error": "invalid API key: dev-key"}
2026-01-18T03:38:23.283+0530	WARN	livekit	service/utils.go:54	error handling request	{"status": 401, "method": "GET", "path": "/agent", "error": "invalid API key: dev-key"}
2026-01-18T03:38:27.290+0530	WARN	livekit	service/utils.go:54	error handling request	{"status": 401, "method": "GET", "path": "/agent", "error": "invalid API key: dev-key"}
2026-01-18T03:38:33.297+0530	WARN	livekit	service/utils.go:54	error handling request	{"status": 401, "method": "GET", "path": "/agent", "error": "invalid API key: dev-key"}
2026-01-18T03:38:41.305+0530	WARN	livekit	service/utils.go:54	error handling request	{"status": 401, "method": "GET", "path": "/agent", "error": "invalid API key: dev-key"}
2026-01-18T03:40:33.932+0530	WARN	livekit	service/utils.go:54	error handling request	{"status": 401, "method": "GET", "path": "/agent", "error": "invalid token: eyJhbGciOiJIUzI1NiIsInR5cCI6IkpXVCJ9.eyJ2aWRlbyI6eyJjYW5QdWJsaXNoIjp0cnVlLCJjYW5TdWJzY3JpYmUiOnRydWUsImNhblB1Ymxpc2hEYXRhIjp0cnVlLCJhZ2VudCI6dHJ1ZX0sInN1YiI6IiIsImlzcyI6ImRldmtleSIsIm5iZiI6MTc2ODY4NzgzMywiZXhwIjoxNzY4NzA5NDMzfQ.6E9xBH9G_w8ngxpDvDaoW_HZFqGobX_PZUeVBVuTnN0, error: go-jose/go-jose: error in cryptographic primitive"}
2026-01-18T03:40:33.936+0530	WARN	livekit	service/utils.go:54	error handling request	{"status": 401, "method": "GET", "path": "/agent", "error": "invalid token: eyJhbGciOiJIUzI1NiIsInR5cCI6IkpXVCJ9.eyJ2aWRlbyI6eyJjYW5QdWJsaXNoIjp0cnVlLCJjYW5TdWJzY3JpYmUiOnRydWUsImNhblB1Ymxpc2hEYXRhIjp0cnVlLCJhZ2VudCI6dHJ1ZX0sInN1YiI6IiIsImlzcyI6ImRldmtleSIsIm5iZiI6MTc2ODY4NzgzMywiZXhwIjoxNzY4NzA5NDMzfQ.6E9xBH9G_w8ngxpDvDaoW_HZFqGobX_PZUeVBVuTnN0, error: go-jose/go-jose: error in cryptographic primitive"}
2026-01-18T03:40:35.938+0530	WARN	livekit	service/utils.go:54	error handling request	{"status": 401, "method": "GET", "path": "/agent", "error": "invalid token: eyJhbGciOiJIUzI1NiIsInR5cCI6IkpXVCJ9.eyJ2aWRlbyI6eyJjYW5QdWJsaXNoIjp0cnVlLCJjYW5TdWJzY3JpYmUiOnRydWUsImNhblB1Ymxpc2hEYXRhIjp0cnVlLCJhZ2VudCI6dHJ1ZX0sInN1YiI6IiIsImlzcyI6ImRldmtleSIsIm5iZiI6MTc2ODY4NzgzNSwiZXhwIjoxNzY4NzA5NDM1fQ.GhYSmLX-YbAYLE3Lw_-ew0EAlY1v0QeXBAOaUM0vtvk, error: go-jose/go-jose: error in cryptographic primitive"}
2026-01-18T03:40:39.944+0530	WARN	livekit	service/utils.go:54	error handling request	{"status": 401, "method": "GET", "path": "/agent", "error": "invalid token: eyJhbGciOiJIUzI1NiIsInR5cCI6IkpXVCJ9.eyJ2aWRlbyI6eyJjYW5QdWJsaXNoIjp0cnVlLCJjYW5TdWJzY3JpYmUiOnRydWUsImNhblB1Ymxpc2hEYXRhIjp0cnVlLCJhZ2VudCI6dHJ1ZX0sInN1YiI6IiIsImlzcyI6ImRldmtleSIsIm5iZiI6MTc2ODY4NzgzOSwiZXhwIjoxNzY4NzA5NDM5fQ.pxJX6OZodwkMcEvJtUCdtXYvjXvUuchW_j2ePqqDugY, error: go-jose/go-jose: error in cryptographic primitive"}
2026-01-18T03:40:45.950+0530	WARN	livekit	service/utils.go:54	error handling request	{"status": 401, "method": "GET", "path": "/agent", "error": "invalid token: eyJhbGciOiJIUzI1NiIsInR5cCI6IkpXVCJ9.eyJ2aWRlbyI6eyJjYW5QdWJsaXNoIjp0cnVlLCJjYW5TdWJzY3JpYmUiOnRydWUsImNhblB1Ymxpc2hEYXRhIjp0cnVlLCJhZ2VudCI6dHJ1ZX0sInN1YiI6IiIsImlzcyI6ImRldmtleSIsIm5iZiI6MTc2ODY4Nzg0NSwiZXhwIjoxNzY4NzA5NDQ1fQ.HtZjzEcjLRuMhoQzw3b8N8xJRvKRqAAvAeL7PZZbC9U, error: go-jose/go-jose: error in cryptographic primitive"}
2026-01-18T03:40:53.955+0530	WARN	livekit	service/utils.go:54	error handling request	{"status": 401, "method": "GET", "path": "/agent", "error": "invalid token: eyJhbGciOiJIUzI1NiIsInR5cCI6IkpXVCJ9.eyJ2aWRlbyI6eyJjYW5QdWJsaXNoIjp0cnVlLCJjYW5TdWJzY3JpYmUiOnRydWUsImNhblB1Ymxpc2hEYXRhIjp0cnVlLCJhZ2VudCI6dHJ1ZX0sInN1YiI6IiIsImlzcyI6ImRldmtleSIsIm5iZiI6MTc2ODY4Nzg1MywiZXhwIjoxNzY4NzA5NDUzfQ.WZQ3SiCJnKezhGYyaLdLWolGcLTBL0Zj_2kTwCOnz6E, error: go-jose/go-jose: error in cryptographic primitive"}
